<?xml version="1.0" encoding="UTF-8"?>
<testsuite name="com.gastropolis.usuarios.infrastructure.input.rest.AuthRestControllerTest" tests="1" skipped="0" failures="0" errors="0" timestamp="2026-03-24T00:57:08" hostname="DESKTOP-6U4UTQC" time="0.214">
  <properties/>
  <testcase name="login_success_returns200WithToken()" classname="com.gastropolis.usuarios.infrastructure.input.rest.AuthRestControllerTest" time="0.214"/>
  <system-out><![CDATA[]]></system-out>
  <system-err><![CDATA[]]></system-err>
</testsuite>
