<?xml version="1.0" encoding="UTF-8"?>
<testsuite name="com.gastropolis.usuarios.infrastructure.input.rest.UserRestControllerTest" tests="4" skipped="0" failures="0" errors="0" timestamp="2026-03-24T00:57:08" hostname="DESKTOP-6U4UTQC" time="0.044">
  <properties/>
  <testcase name="createClient_success_returns201WithBody()" classname="com.gastropolis.usuarios.infrastructure.input.rest.UserRestControllerTest" time="0.009"/>
  <testcase name="createEmployee_success_returns201WithBody()" classname="com.gastropolis.usuarios.infrastructure.input.rest.UserRestControllerTest" time="0.008"/>
  <testcase name="createOwner_success_returns201WithBody()" classname="com.gastropolis.usuarios.infrastructure.input.rest.UserRestControllerTest" time="0.009"/>
  <testcase name="getUserById_success_returns200WithBody()" classname="com.gastropolis.usuarios.infrastructure.input.rest.UserRestControllerTest" time="0.01"/>
  <system-out><![CDATA[]]></system-out>
  <system-err><![CDATA[]]></system-err>
</testsuite>
